2017-04-21 12:08:27,746 INFO  c.c.d.collector.CollectorTask - -----------------------------------
2017-04-21 12:08:27,752 INFO  c.c.d.collector.CollectorTask - Starting...
2017-04-21 12:08:27,752 INFO  c.c.d.collector.CollectorTask - -----------------------------------
2017-04-21 12:08:27,754 INFO  c.c.d.c.GitlabGitCollectorTask - Failed to retrieve data, the repo or collector is most likey misconfigured: null, 400 BAD_REQUEST
2017-04-21 12:08:27,760 INFO  c.c.d.collector.CollectorTask - Repo Count              1        0s
2017-04-21 12:08:27,760 INFO  c.c.d.collector.CollectorTask - New Commits             0        0s
2017-04-21 12:08:27,762 INFO  c.c.d.collector.CollectorTask - Finished                         0s
2017-04-21 12:08:27,867 INFO  c.c.d.collector.CollectorTask - -----------------------------------
2017-04-21 12:08:27,867 INFO  c.c.d.collector.CollectorTask - Starting...
2017-04-21 12:08:27,868 INFO  c.c.d.collector.CollectorTask - -----------------------------------
2017-04-21 12:08:27,869 INFO  c.c.d.collector.CollectorTask - Repo Count              1        0s
2017-04-21 12:08:27,870 INFO  c.c.d.collector.CollectorTask - New Commits             0        0s
2017-04-21 12:08:27,870 INFO  c.c.d.collector.CollectorTask - Finished                         0s
2017-04-21 12:08:27,881 INFO  c.c.d.collector.CollectorTask - -----------------------------------
2017-04-21 12:08:27,882 INFO  c.c.d.collector.CollectorTask - Starting...
2017-04-21 12:08:27,882 INFO  c.c.d.collector.CollectorTask - -----------------------------------
2017-04-21 12:08:27,884 INFO  c.c.d.collector.CollectorTask - Repo Count              1        0s
2017-04-21 12:08:27,885 INFO  c.c.d.collector.CollectorTask - New Commits             1        0s
2017-04-21 12:08:27,885 INFO  c.c.d.collector.CollectorTask - Finished                         0s
2017-04-21 12:08:27,895 INFO  c.c.d.collector.CollectorTask - -----------------------------------
2017-04-21 12:08:27,896 INFO  c.c.d.collector.CollectorTask - Starting...
2017-04-21 12:08:27,896 INFO  c.c.d.collector.CollectorTask - -----------------------------------
2017-04-21 12:08:27,897 INFO  c.c.d.c.GitlabGitCollectorTask - Failed to retrieve data, the repo or collector is most likey misconfigured: null, Bad
2017-04-21 12:08:27,898 INFO  c.c.d.collector.CollectorTask - Repo Count              1        0s
2017-04-21 12:08:27,898 INFO  c.c.d.collector.CollectorTask - New Commits             0        0s
2017-04-21 12:08:27,899 INFO  c.c.d.collector.CollectorTask - Finished                         0s
2017-04-21 12:08:27,907 INFO  c.c.d.collector.CollectorTask - -----------------------------------
2017-04-21 12:08:27,907 INFO  c.c.d.collector.CollectorTask - Starting...
2017-04-21 12:08:27,907 INFO  c.c.d.collector.CollectorTask - -----------------------------------
2017-04-21 12:08:27,909 INFO  c.c.d.collector.CollectorTask - Repo Count              1        0s
2017-04-21 12:08:27,910 INFO  c.c.d.collector.CollectorTask - New Commits             0        0s
2017-04-21 12:08:27,910 INFO  c.c.d.collector.CollectorTask - Finished                         0s
2017-04-21 12:08:27,917 INFO  c.c.d.collector.CollectorTask - -----------------------------------
2017-04-21 12:08:27,918 INFO  c.c.d.collector.CollectorTask - Starting...
2017-04-21 12:08:27,918 INFO  c.c.d.collector.CollectorTask - -----------------------------------
2017-04-21 12:08:27,919 INFO  c.c.d.collector.CollectorTask - Repo Count              0        0s
2017-04-21 12:08:27,919 INFO  c.c.d.collector.CollectorTask - New Commits             0        0s
2017-04-21 12:08:27,919 INFO  c.c.d.collector.CollectorTask - Finished                         0s
