2017-03-31 13:46:55,469 INFO  c.c.d.collector.CollectorTask - -----------------------------------
2017-03-31 13:46:55,481 INFO  c.c.d.collector.CollectorTask - server1
2017-03-31 13:46:55,481 INFO  c.c.d.collector.CollectorTask - -----------------------------------
2017-03-31 13:46:55,486 INFO  c.c.d.collector.CollectorTask - Fetched jobs                     0s
2017-03-31 13:46:55,490 INFO  c.c.d.collector.CollectorTask - New jobs                0        0s
2017-03-31 13:46:55,492 INFO  c.c.d.collector.CollectorTask - New builds              0        0s
2017-03-31 13:46:55,497 INFO  c.c.d.collector.CollectorTask - Finished                         0s
2017-03-31 13:46:55,509 INFO  c.c.d.collector.CollectorTask - -----------------------------------
2017-03-31 13:46:55,510 INFO  c.c.d.collector.CollectorTask - server1
2017-03-31 13:46:55,511 INFO  c.c.d.collector.CollectorTask - -----------------------------------
2017-03-31 13:46:55,511 INFO  c.c.d.collector.CollectorTask - Fetched jobs                     0s
2017-03-31 13:46:55,512 INFO  c.c.d.collector.CollectorTask - New jobs                1        0s
2017-03-31 13:46:55,513 INFO  c.c.d.collector.CollectorTask - New builds              0        0s
2017-03-31 13:46:55,514 INFO  c.c.d.collector.CollectorTask - Finished                         0s
2017-03-31 13:46:55,557 INFO  c.c.d.collector.CollectorTask - -----------------------------------
2017-03-31 13:46:55,558 INFO  c.c.d.collector.CollectorTask - server1
2017-03-31 13:46:55,559 INFO  c.c.d.collector.CollectorTask - -----------------------------------
2017-03-31 13:46:55,559 INFO  c.c.d.collector.CollectorTask - Fetched jobs                     0s
2017-03-31 13:46:55,561 INFO  c.c.d.collector.CollectorTask - New jobs                0        0s
2017-03-31 13:46:55,563 INFO  c.c.d.collector.CollectorTask - New builds              0        0s
2017-03-31 13:46:55,563 INFO  c.c.d.collector.CollectorTask - Finished                         0s
2017-03-31 13:46:55,574 INFO  c.c.d.collector.CollectorTask - -----------------------------------
2017-03-31 13:46:55,575 INFO  c.c.d.collector.CollectorTask - server1
2017-03-31 13:46:55,575 INFO  c.c.d.collector.CollectorTask - -----------------------------------
2017-03-31 13:46:55,576 INFO  c.c.d.collector.CollectorTask - Fetched jobs                     0s
2017-03-31 13:46:55,577 INFO  c.c.d.collector.CollectorTask - New jobs                1        0s
2017-03-31 13:46:55,578 INFO  c.c.d.collector.CollectorTask - New builds              0        0s
2017-03-31 13:46:55,583 INFO  c.c.d.collector.CollectorTask - Finished                         0s
2017-03-31 13:46:55,589 INFO  c.c.d.collector.CollectorTask - -----------------------------------
2017-03-31 13:46:55,591 INFO  c.c.d.collector.CollectorTask - server1
2017-03-31 13:46:55,591 INFO  c.c.d.collector.CollectorTask - -----------------------------------
2017-03-31 13:46:55,592 INFO  c.c.d.collector.CollectorTask - Fetched jobs                     0s
2017-03-31 13:46:55,592 INFO  c.c.d.collector.CollectorTask - New jobs                2        0s
2017-03-31 13:46:55,593 INFO  c.c.d.collector.CollectorTask - New builds              0        0s
2017-03-31 13:46:55,593 INFO  c.c.d.collector.CollectorTask - Finished                         0s
2017-03-31 13:46:55,603 INFO  c.c.d.collector.CollectorTask - -----------------------------------
2017-03-31 13:46:55,604 INFO  c.c.d.collector.CollectorTask - server1
2017-03-31 13:46:55,605 INFO  c.c.d.collector.CollectorTask - -----------------------------------
2017-03-31 13:46:55,607 INFO  c.c.d.collector.CollectorTask - Fetched jobs                     0s
2017-03-31 13:46:55,608 INFO  c.c.d.collector.CollectorTask - New jobs                1        0s
2017-03-31 13:46:55,610 INFO  c.c.d.collector.CollectorTask - New builds              0        0s
2017-03-31 13:46:55,611 INFO  c.c.d.collector.CollectorTask - Finished                         0s
2017-03-31 13:46:55,617 INFO  c.c.d.collector.CollectorTask - -----------------------------------
2017-03-31 13:46:55,618 INFO  c.c.d.collector.CollectorTask - server1
2017-03-31 13:46:55,619 INFO  c.c.d.collector.CollectorTask - -----------------------------------
2017-03-31 13:46:55,619 INFO  c.c.d.collector.CollectorTask - Fetched jobs                     0s
2017-03-31 13:46:55,620 INFO  c.c.d.collector.CollectorTask - New jobs                1        0s
2017-03-31 13:46:55,623 INFO  c.c.d.collector.CollectorTask - New builds              1        0s
2017-03-31 13:46:55,623 INFO  c.c.d.collector.CollectorTask - Finished                         0s
2017-03-31 13:46:55,628 INFO  c.c.d.collector.CollectorTask - -----------------------------------
2017-03-31 13:46:55,629 INFO  c.c.d.collector.CollectorTask - server1
2017-03-31 13:46:55,629 INFO  c.c.d.collector.CollectorTask - -----------------------------------
2017-03-31 13:46:55,630 INFO  c.c.d.collector.CollectorTask - Fetched jobs                     0s
2017-03-31 13:46:55,630 INFO  c.c.d.collector.CollectorTask - New jobs                0        0s
2017-03-31 13:46:55,631 INFO  c.c.d.collector.CollectorTask - New builds              0        0s
2017-03-31 13:46:55,631 INFO  c.c.d.collector.CollectorTask - Finished                         0s
